# JRE version: Java(TM) SE Runtime Environment (8.0_31-b13) (build 1.8.0_31-b13)
# Java VM: Java HotSpot(TM) 64-Bit Server VM (25.31-b07 mixed mode windows-amd64 compressed oops)
Heap:
 PSYoungGen      total 272896K, used 66145K [0x000000076b400000, 0x000000078cd00000, 0x00000007c0000000)
  eden space 262144K, 25% used [0x000000076b400000,0x000000076f4987b0,0x000000077b400000)
  from space 10752K, 0% used [0x000000077b400000,0x000000077b400000,0x000000077be80000)
  to   space 12800K, 0% used [0x000000078c080000,0x000000078c080000,0x000000078cd00000)
 ParOldGen       total 107008K, used 10851K [0x00000006c1c00000, 0x00000006c8480000, 0x000000076b400000)
  object space 107008K, 10% used [0x00000006c1c00000,0x00000006c2698d98,0x00000006c8480000)
 Metaspace       used 24387K, capacity 24730K, committed 24960K, reserved 1071104K
  class space    used 3011K, capacity 3076K, committed 3200K, reserved 1048576K
GC Heap History (10 events):
Event: 8.692 GC heap before
{Heap before GC invocations=2 (full 0):
 PSYoungGen      total 76288K, used 73076K [0x000000076b400000, 0x0000000774900000, 0x00000007c0000000)
  eden space 65536K, 100% used [0x000000076b400000,0x000000076f400000,0x000000076f400000)
  from space 10752K, 70% used [0x000000076f400000,0x000000076fb5d130,0x000000076fe80000)
  to   space 10752K, 0% used [0x0000000773e80000,0x0000000773e80000,0x0000000774900000)
 ParOldGen       total 175104K, used 0K [0x00000006c1c00000, 0x00000006cc700000, 0x000000076b400000)
  object space 175104K, 0% used [0x00000006c1c00000,0x00000006c1c00000,0x00000006cc700000)
 Metaspace       used 19137K, capacity 19488K, committed 19584K, reserved 1067008K
  class space    used 2348K, capacity 2427K, committed 2432K, reserved 1048576K
Event: 9.033 GC heap after
Heap after GC invocations=2 (full 0):
 PSYoungGen      total 141824K, used 10722K [0x000000076b400000, 0x0000000774900000, 0x00000007c0000000)
  eden space 131072K, 0% used [0x000000076b400000,0x000000076b400000,0x0000000773400000)
  from space 10752K, 99% used [0x0000000773e80000,0x00000007748f8868,0x0000000774900000)
  to   space 10752K, 0% used [0x0000000773400000,0x0000000773400000,0x0000000773e80000)
 ParOldGen       total 175104K, used 491K [0x00000006c1c00000, 0x00000006cc700000, 0x000000076b400000)
  object space 175104K, 0% used [0x00000006c1c00000,0x00000006c1c7afa0,0x00000006cc700000)
 Metaspace       used 19137K, capacity 19488K, committed 19584K, reserved 1067008K
  class space    used 2348K, capacity 2427K, committed 2432K, reserved 1048576K
}
Event: 13.607 GC heap before
{Heap before GC invocations=3 (full 0):
 PSYoungGen      total 141824K, used 141794K [0x000000076b400000, 0x0000000774900000, 0x00000007c0000000)
  eden space 131072K, 100% used [0x000000076b400000,0x0000000773400000,0x0000000773400000)
  from space 10752K, 99% used [0x0000000773e80000,0x00000007748f8868,0x0000000774900000)
  to   space 10752K, 0% used [0x0000000773400000,0x0000000773400000,0x0000000773e80000)
 ParOldGen       total 175104K, used 491K [0x00000006c1c00000, 0x00000006cc700000, 0x000000076b400000)
  object space 175104K, 0% used [0x00000006c1c00000,0x00000006c1c7afa0,0x00000006cc700000)
 Metaspace       used 20024K, capacity 20382K, committed 20480K, reserved 1067008K
  class space    used 2445K, capacity 2528K, committed 2560K, reserved 1048576K
Event: 14.147 GC heap after
Heap after GC invocations=3 (full 0):
 PSYoungGen      total 141824K, used 10735K [0x000000076b400000, 0x000000077c900000, 0x00000007c0000000)
  eden space 131072K, 0% used [0x000000076b400000,0x000000076b400000,0x0000000773400000)
  from space 10752K, 99% used [0x0000000773400000,0x0000000773e7bf28,0x0000000773e80000)
  to   space 10752K, 0% used [0x000000077be80000,0x000000077be80000,0x000000077c900000)
 ParOldGen       total 175104K, used 1209K [0x00000006c1c00000, 0x00000006cc700000, 0x000000076b400000)
  object space 175104K, 0% used [0x00000006c1c00000,0x00000006c1d2e510,0x00000006cc700000)
 Metaspace       used 20024K, capacity 20382K, committed 20480K, reserved 1067008K
  class space    used 2445K, capacity 2528K, committed 2560K, reserved 1048576K
}
Event: 17.648 GC heap before
{Heap before GC invocations=4 (full 0):
 PSYoungGen      total 141824K, used 141807K [0x000000076b400000, 0x000000077c900000, 0x00000007c0000000)
  eden space 131072K, 100% used [0x000000076b400000,0x0000000773400000,0x0000000773400000)
  from space 10752K, 99% used [0x0000000773400000,0x0000000773e7bf28,0x0000000773e80000)
  to   space 10752K, 0% used [0x000000077be80000,0x000000077be80000,0x000000077c900000)
 ParOldGen       total 175104K, used 1209K [0x00000006c1c00000, 0x00000006cc700000, 0x000000076b400000)
  object space 175104K, 0% used [0x00000006c1c00000,0x00000006c1d2e510,0x00000006cc700000)
 Metaspace       used 20101K, capacity 20446K, committed 20480K, reserved 1067008K
  class space    used 2445K, capacity 2528K, committed 2560K, reserved 1048576K
Event: 18.502 GC heap after
Heap after GC invocations=4 (full 0):
 PSYoungGen      total 272896K, used 9729K [0x000000076b400000, 0x000000077c900000, 0x00000007c0000000)
  eden space 262144K, 0% used [0x000000076b400000,0x000000076b400000,0x000000077b400000)
  from space 10752K, 90% used [0x000000077be80000,0x000000077c800640,0x000000077c900000)
  to   space 10752K, 0% used [0x000000077b400000,0x000000077b400000,0x000000077be80000)
 ParOldGen       total 175104K, used 1209K [0x00000006c1c00000, 0x00000006cc700000, 0x000000076b400000)
  object space 175104K, 0% used [0x00000006c1c00000,0x00000006c1d2e510,0x00000006cc700000)
 Metaspace       used 20101K, capacity 20446K, committed 20480K, reserved 1067008K
  class space    used 2445K, capacity 2528K, committed 2560K, reserved 1048576K
}
Event: 25.619 GC heap before
{Heap before GC invocations=5 (full 0):
 PSYoungGen      total 272896K, used 198798K [0x000000076b400000, 0x000000077c900000, 0x00000007c0000000)
  eden space 262144K, 72% used [0x000000076b400000,0x0000000776ca3250,0x000000077b400000)
  from space 10752K, 90% used [0x000000077be80000,0x000000077c800640,0x000000077c900000)
  to   space 10752K, 0% used [0x000000077b400000,0x000000077b400000,0x000000077be80000)
 ParOldGen       total 175104K, used 1209K [0x00000006c1c00000, 0x00000006cc700000, 0x000000076b400000)
  object space 175104K, 0% used [0x00000006c1c00000,0x00000006c1d2e510,0x00000006cc700000)
 Metaspace       used 20854K, capacity 21124K, committed 21296K, reserved 1069056K
  class space    used 2554K, capacity 2625K, committed 2688K, reserved 1048576K
Event: 26.546 GC heap after
Heap after GC invocations=5 (full 0):
 PSYoungGen      total 272896K, used 10722K [0x000000076b400000, 0x000000078cd00000, 0x00000007c0000000)
  eden space 262144K, 0% used [0x000000076b400000,0x000000076b400000,0x000000077b400000)
  from space 10752K, 99% used [0x000000077b400000,0x000000077be78be0,0x000000077be80000)
  to   space 12800K, 0% used [0x000000078c080000,0x000000078c080000,0x000000078cd00000)
 ParOldGen       total 175104K, used 1423K [0x00000006c1c00000, 0x00000006cc700000, 0x000000076b400000)
  object space 175104K, 0% used [0x00000006c1c00000,0x00000006c1d63c10,0x00000006cc700000)
 Metaspace       used 20854K, capacity 21124K, committed 21296K, reserved 1069056K
  class space    used 2554K, capacity 2625K, committed 2688K, reserved 1048576K
}
Event: 26.546 GC heap before
{Heap before GC invocations=6 (full 1):
 PSYoungGen      total 272896K, used 10722K [0x000000076b400000, 0x000000078cd00000, 0x00000007c0000000)
  eden space 262144K, 0% used [0x000000076b400000,0x000000076b400000,0x000000077b400000)
  from space 10752K, 99% used [0x000000077b400000,0x000000077be78be0,0x000000077be80000)
  to   space 12800K, 0% used [0x000000078c080000,0x000000078c080000,0x000000078cd00000)
 ParOldGen       total 175104K, used 1423K [0x00000006c1c00000, 0x00000006cc700000, 0x000000076b400000)
  object space 175104K, 0% used [0x00000006c1c00000,0x00000006c1d63c10,0x00000006cc700000)
 Metaspace       used 20854K, capacity 21124K, committed 21296K, reserved 1069056K
  class space    used 2554K, capacity 2625K, committed 2688K, reserved 1048576K
Event: 29.638 GC heap after
Heap after GC invocations=6 (full 1):
 PSYoungGen      total 272896K, used 0K [0x000000076b400000, 0x000000078cd00000, 0x00000007c0000000)
  eden space 262144K, 0% used [0x000000076b400000,0x000000076b400000,0x000000077b400000)
  from space 10752K, 0% used [0x000000077b400000,0x000000077b400000,0x000000077be80000)
  to   space 12800K, 0% used [0x000000078c080000,0x000000078c080000,0x000000078cd00000)
 ParOldGen       total 107008K, used 10851K [0x00000006c1c00000, 0x00000006c8480000, 0x000000076b400000)
  object space 107008K, 10% used [0x00000006c1c00000,0x00000006c2698d98,0x00000006c8480000)
 Metaspace       used 20852K, capacity 21122K, committed 21296K, reserved 1069056K
  class space    used 2553K, capacity 2624K, committed 2688K, reserved 1048576K
}

