# JRE version: Java(TM) SE Runtime Environment (8.0_31-b13) (build 1.8.0_31-b13)
# Java VM: Java HotSpot(TM) 64-Bit Server VM (25.31-b07 mixed mode windows-amd64 compressed oops)
Heap:
 PSYoungGen      total 536576K, used 12258K [0x000000076b400000, 0x000000078cc00000, 0x00000007c0000000)
  eden space 524288K, 0% used [0x000000076b400000,0x000000076b400000,0x000000078b400000)
  from space 12288K, 99% used [0x000000078b400000,0x000000078bff8ae0,0x000000078c000000)
  to   space 12288K, 0% used [0x000000078c000000,0x000000078c000000,0x000000078cc00000)
 ParOldGen       total 82944K, used 16348K [0x00000006c1c00000, 0x00000006c6d00000, 0x000000076b400000)
  object space 82944K, 19% used [0x00000006c1c00000,0x00000006c2bf71d8,0x00000006c6d00000)
 Metaspace       used 32489K, capacity 32868K, committed 33024K, reserved 1083392K
  class space    used 3980K, capacity 4071K, committed 4096K, reserved 1048576K
GC Heap History (10 events):
Event: 10.689 GC heap before
{Heap before GC invocations=3 (full 0):
 PSYoungGen      total 141824K, used 141801K [0x000000076b400000, 0x0000000774900000, 0x00000007c0000000)
  eden space 131072K, 100% used [0x000000076b400000,0x0000000773400000,0x0000000773400000)
  from space 10752K, 99% used [0x0000000773e80000,0x00000007748fa4d0,0x0000000774900000)
  to   space 10752K, 0% used [0x0000000773400000,0x0000000773400000,0x0000000773e80000)
 ParOldGen       total 175104K, used 500K [0x00000006c1c00000, 0x00000006cc700000, 0x000000076b400000)
  object space 175104K, 0% used [0x00000006c1c00000,0x00000006c1c7d030,0x00000006cc700000)
 Metaspace       used 19893K, capacity 20204K, committed 20480K, reserved 1067008K
  class space    used 2412K, capacity 2493K, committed 2560K, reserved 1048576K
Event: 10.946 GC heap after
Heap after GC invocations=3 (full 0):
 PSYoungGen      total 141824K, used 10744K [0x000000076b400000, 0x000000077c900000, 0x00000007c0000000)
  eden space 131072K, 0% used [0x000000076b400000,0x000000076b400000,0x0000000773400000)
  from space 10752K, 99% used [0x0000000773400000,0x0000000773e7e160,0x0000000773e80000)
  to   space 10752K, 0% used [0x000000077be80000,0x000000077be80000,0x000000077c900000)
 ParOldGen       total 175104K, used 810K [0x00000006c1c00000, 0x00000006cc700000, 0x000000076b400000)
  object space 175104K, 0% used [0x00000006c1c00000,0x00000006c1cca990,0x00000006cc700000)
 Metaspace       used 19893K, capacity 20204K, committed 20480K, reserved 1067008K
  class space    used 2412K, capacity 2493K, committed 2560K, reserved 1048576K
}
Event: 12.922 GC heap before
{Heap before GC invocations=4 (full 0):
 PSYoungGen      total 141824K, used 141816K [0x000000076b400000, 0x000000077c900000, 0x00000007c0000000)
  eden space 131072K, 100% used [0x000000076b400000,0x0000000773400000,0x0000000773400000)
  from space 10752K, 99% used [0x0000000773400000,0x0000000773e7e160,0x0000000773e80000)
  to   space 10752K, 0% used [0x000000077be80000,0x000000077be80000,0x000000077c900000)
 ParOldGen       total 175104K, used 810K [0x00000006c1c00000, 0x00000006cc700000, 0x000000076b400000)
  object space 175104K, 0% used [0x00000006c1c00000,0x00000006c1cca990,0x00000006cc700000)
 Metaspace       used 20206K, capacity 20510K, committed 20736K, reserved 1067008K
  class space    used 2443K, capacity 2528K, committed 2560K, reserved 1048576K
Event: 13.575 GC heap after
Heap after GC invocations=4 (full 0):
 PSYoungGen      total 272896K, used 10152K [0x000000076b400000, 0x000000077c900000, 0x00000007c0000000)
  eden space 262144K, 0% used [0x000000076b400000,0x000000076b400000,0x000000077b400000)
  from space 10752K, 94% used [0x000000077be80000,0x000000077c86a270,0x000000077c900000)
  to   space 10752K, 0% used [0x000000077b400000,0x000000077b400000,0x000000077be80000)
 ParOldGen       total 175104K, used 810K [0x00000006c1c00000, 0x00000006cc700000, 0x000000076b400000)
  object space 175104K, 0% used [0x00000006c1c00000,0x00000006c1cca990,0x00000006cc700000)
 Metaspace       used 20206K, capacity 20510K, committed 20736K, reserved 1067008K
  class space    used 2443K, capacity 2528K, committed 2560K, reserved 1048576K
}
Event: 17.382 GC heap before
{Heap before GC invocations=5 (full 0):
 PSYoungGen      total 272896K, used 272296K [0x000000076b400000, 0x000000077c900000, 0x00000007c0000000)
  eden space 262144K, 100% used [0x000000076b400000,0x000000077b400000,0x000000077b400000)
  from space 10752K, 94% used [0x000000077be80000,0x000000077c86a270,0x000000077c900000)
  to   space 10752K, 0% used [0x000000077b400000,0x000000077b400000,0x000000077be80000)
 ParOldGen       total 175104K, used 810K [0x00000006c1c00000, 0x00000006cc700000, 0x000000076b400000)
  object space 175104K, 0% used [0x00000006c1c00000,0x00000006c1cca990,0x00000006cc700000)
 Metaspace       used 20218K, capacity 20574K, committed 20736K, reserved 1067008K
  class space    used 2443K, capacity 2528K, committed 2560K, reserved 1048576K
Event: 17.411 GC heap after
Heap after GC invocations=5 (full 0):
 PSYoungGen      total 272896K, used 9921K [0x000000076b400000, 0x000000078cc00000, 0x00000007c0000000)
  eden space 262144K, 0% used [0x000000076b400000,0x000000076b400000,0x000000077b400000)
  from space 10752K, 92% used [0x000000077b400000,0x000000077bdb0640,0x000000077be80000)
  to   space 12288K, 0% used [0x000000078c000000,0x000000078c000000,0x000000078cc00000)
 ParOldGen       total 175104K, used 818K [0x00000006c1c00000, 0x00000006cc700000, 0x000000076b400000)
  object space 175104K, 0% used [0x00000006c1c00000,0x00000006c1ccc990,0x00000006cc700000)
 Metaspace       used 20218K, capacity 20574K, committed 20736K, reserved 1067008K
  class space    used 2443K, capacity 2528K, committed 2560K, reserved 1048576K
}
Event: 18.082 GC heap before
{Heap before GC invocations=6 (full 0):
 PSYoungGen      total 272896K, used 30224K [0x000000076b400000, 0x000000078cc00000, 0x00000007c0000000)
  eden space 262144K, 7% used [0x000000076b400000,0x000000076c7d3ac8,0x000000077b400000)
  from space 10752K, 92% used [0x000000077b400000,0x000000077bdb0640,0x000000077be80000)
  to   space 12288K, 0% used [0x000000078c000000,0x000000078c000000,0x000000078cc00000)
 ParOldGen       total 175104K, used 818K [0x00000006c1c00000, 0x00000006cc700000, 0x000000076b400000)
  object space 175104K, 0% used [0x00000006c1c00000,0x00000006c1ccc990,0x00000006cc700000)
 Metaspace       used 20796K, capacity 21092K, committed 21296K, reserved 1069056K
  class space    used 2527K, capacity 2593K, committed 2688K, reserved 1048576K
Event: 18.161 GC heap after
Heap after GC invocations=6 (full 0):
 PSYoungGen      total 536576K, used 10679K [0x000000076b400000, 0x000000078cc00000, 0x00000007c0000000)
  eden space 524288K, 0% used [0x000000076b400000,0x000000076b400000,0x000000078b400000)
  from space 12288K, 86% used [0x000000078c000000,0x000000078ca6dc30,0x000000078cc00000)
  to   space 12288K, 0% used [0x000000078b400000,0x000000078b400000,0x000000078c000000)
 ParOldGen       total 175104K, used 826K [0x00000006c1c00000, 0x00000006cc700000, 0x000000076b400000)
  object space 175104K, 0% used [0x00000006c1c00000,0x00000006c1cce990,0x00000006cc700000)
 Metaspace       used 20796K, capacity 21092K, committed 21296K, reserved 1069056K
  class space    used 2527K, capacity 2593K, committed 2688K, reserved 1048576K
}
Event: 18.161 GC heap before
{Heap before GC invocations=7 (full 1):
 PSYoungGen      total 536576K, used 10679K [0x000000076b400000, 0x000000078cc00000, 0x00000007c0000000)
  eden space 524288K, 0% used [0x000000076b400000,0x000000076b400000,0x000000078b400000)
  from space 12288K, 86% used [0x000000078c000000,0x000000078ca6dc30,0x000000078cc00000)
  to   space 12288K, 0% used [0x000000078b400000,0x000000078b400000,0x000000078c000000)
 ParOldGen       total 175104K, used 826K [0x00000006c1c00000, 0x00000006cc700000, 0x000000076b400000)
  object space 175104K, 0% used [0x00000006c1c00000,0x00000006c1cce990,0x00000006cc700000)
 Metaspace       used 20796K, capacity 21092K, committed 21296K, reserved 1069056K
  class space    used 2527K, capacity 2593K, committed 2688K, reserved 1048576K
Event: 18.341 GC heap after
Heap after GC invocations=7 (full 1):
 PSYoungGen      total 536576K, used 0K [0x000000076b400000, 0x000000078cc00000, 0x00000007c0000000)
  eden space 524288K, 0% used [0x000000076b400000,0x000000076b400000,0x000000078b400000)
  from space 12288K, 0% used [0x000000078c000000,0x000000078c000000,0x000000078cc00000)
  to   space 12288K, 0% used [0x000000078b400000,0x000000078b400000,0x000000078c000000)
 ParOldGen       total 82944K, used 10546K [0x00000006c1c00000, 0x00000006c6d00000, 0x000000076b400000)
  object space 82944K, 12% used [0x00000006c1c00000,0x00000006c264c878,0x00000006c6d00000)
 Metaspace       used 20794K, capacity 21090K, committed 21296K, reserved 1069056K
  class space    used 2526K, capacity 2592K, committed 2688K, reserved 1048576K
}

