# JRE version: Java(TM) SE Runtime Environment (8.0_31-b13) (build 1.8.0_31-b13)
# Java VM: Java HotSpot(TM) 64-Bit Server VM (25.31-b07 mixed mode windows-amd64 compressed oops)
Heap:
 PSYoungGen      total 1493504K, used 486610K [0x00000006efb00000, 0x00000007a6000000, 0x00000007c0000000)
  eden space 1280512K, 38% used [0x00000006efb00000,0x000000070d634a88,0x000000073dd80000)
  from space 212992K, 0% used [0x000000073dd80000,0x000000073dd80000,0x000000074ad80000)
  to   space 212992K, 0% used [0x0000000799000000,0x0000000799000000,0x00000007a6000000)
 ParOldGen       total 3413504K, used 20265K [0x000000054f000000, 0x000000061f580000, 0x00000006efb00000)
  object space 3413504K, 0% used [0x000000054f000000,0x00000005503ca518,0x000000061f580000)
 Metaspace       used 31883K, capacity 32188K, committed 32512K, reserved 1077248K
  class space    used 3947K, capacity 4017K, committed 4096K, reserved 1048576K
GC Heap History (4 events):
Event: 4.075 GC heap before
{Heap before GC invocations=1 (full 0):
 PSYoungGen      total 1493504K, used 256105K [0x00000006efb00000, 0x0000000757d80000, 0x00000007c0000000)
  eden space 1280512K, 20% used [0x00000006efb00000,0x00000006ff51a6a8,0x000000073dd80000)
  from space 212992K, 0% used [0x000000074ad80000,0x000000074ad80000,0x0000000757d80000)
  to   space 212992K, 0% used [0x000000073dd80000,0x000000073dd80000,0x000000074ad80000)
 ParOldGen       total 3413504K, used 0K [0x000000054f000000, 0x000000061f580000, 0x00000006efb00000)
  object space 3413504K, 0% used [0x000000054f000000,0x000000054f000000,0x000000061f580000)
 Metaspace       used 21014K, capacity 21192K, committed 21296K, reserved 1069056K
  class space    used 2600K, capacity 2667K, committed 2688K, reserved 1048576K
Event: 4.121 GC heap after
Heap after GC invocations=1 (full 0):
 PSYoungGen      total 1493504K, used 21124K [0x00000006efb00000, 0x00000007a6000000, 0x00000007c0000000)
  eden space 1280512K, 0% used [0x00000006efb00000,0x00000006efb00000,0x000000073dd80000)
  from space 212992K, 9% used [0x000000073dd80000,0x000000073f221098,0x000000074ad80000)
  to   space 212992K, 0% used [0x0000000799000000,0x0000000799000000,0x00000007a6000000)
 ParOldGen       total 3413504K, used 8K [0x000000054f000000, 0x000000061f580000, 0x00000006efb00000)
  object space 3413504K, 0% used [0x000000054f000000,0x000000054f002000,0x000000061f580000)
 Metaspace       used 21014K, capacity 21192K, committed 21296K, reserved 1069056K
  class space    used 2600K, capacity 2667K, committed 2688K, reserved 1048576K
}
Event: 4.121 GC heap before
{Heap before GC invocations=2 (full 1):
 PSYoungGen      total 1493504K, used 21124K [0x00000006efb00000, 0x00000007a6000000, 0x00000007c0000000)
  eden space 1280512K, 0% used [0x00000006efb00000,0x00000006efb00000,0x000000073dd80000)
  from space 212992K, 9% used [0x000000073dd80000,0x000000073f221098,0x000000074ad80000)
  to   space 212992K, 0% used [0x0000000799000000,0x0000000799000000,0x00000007a6000000)
 ParOldGen       total 3413504K, used 8K [0x000000054f000000, 0x000000061f580000, 0x00000006efb00000)
  object space 3413504K, 0% used [0x000000054f000000,0x000000054f002000,0x000000061f580000)
 Metaspace       used 21014K, capacity 21192K, committed 21296K, reserved 1069056K
  class space    used 2600K, capacity 2667K, committed 2688K, reserved 1048576K
Event: 4.216 GC heap after
Heap after GC invocations=2 (full 1):
 PSYoungGen      total 1493504K, used 0K [0x00000006efb00000, 0x00000007a6000000, 0x00000007c0000000)
  eden space 1280512K, 0% used [0x00000006efb00000,0x00000006efb00000,0x000000073dd80000)
  from space 212992K, 0% used [0x000000073dd80000,0x000000073dd80000,0x000000074ad80000)
  to   space 212992K, 0% used [0x0000000799000000,0x0000000799000000,0x00000007a6000000)
 ParOldGen       total 3413504K, used 20265K [0x000000054f000000, 0x000000061f580000, 0x00000006efb00000)
  object space 3413504K, 0% used [0x000000054f000000,0x00000005503ca518,0x000000061f580000)
 Metaspace       used 21012K, capacity 21190K, committed 21296K, reserved 1069056K
  class space    used 2600K, capacity 2666K, committed 2688K, reserved 1048576K
}

